2022-05-18 07:36:05,190 - INFO - Municipio: 'Alatoz'
2022-05-18 07:36:05,192 - INFO - Reanuda el procesado de '02002'
2022-05-18 07:36:05,627 - INFO - Descargando 'current_address.osm'
2022-05-18 07:36:06,231 - INFO - Leído 'current_address.osm': 4 nodos, 0 vías, 0 relaciones
2022-05-18 07:36:06,611 - INFO - Generado '000700300XJ42E.osm.gz': 50 nodos, 13 vías, 0 relaciones
2022-05-18 07:36:06,615 - INFO - Generado '002000100XJ42G.osm.gz': 26 nodos, 6 vías, 0 relaciones
2022-05-18 07:36:06,616 - INFO - Generado '002402000XJ32H.osm.gz': 4 nodos, 1 vías, 0 relaciones
2022-05-18 07:36:06,624 - INFO - Generado '42G12010000000.osm.gz': 91 nodos, 20 vías, 0 relaciones
2022-05-18 07:36:06,628 - INFO - Generado '02002A00200051.osm.gz': 37 nodos, 10 vías, 0 relaciones
2022-05-18 07:36:06,629 - INFO - Generado '02002A00400007.osm.gz': 8 nodos, 2 vías, 0 relaciones
2022-05-18 07:36:06,635 - INFO - Generado '02002A00600003.osm.gz': 57 nodos, 11 vías, 0 relaciones
2022-05-18 07:36:06,636 - INFO - Generado '02002A00600286.osm.gz': 4 nodos, 1 vías, 0 relaciones
2022-05-18 07:36:06,641 - INFO - Generado '02002A00700007.osm.gz': 39 nodos, 9 vías, 0 relaciones
2022-05-18 07:36:06,644 - INFO - Generado '02002A00700178.osm.gz': 28 nodos, 6 vías, 0 relaciones
2022-05-18 07:36:06,646 - INFO - Generado '02002A01100008.osm.gz': 4 nodos, 1 vías, 0 relaciones
2022-05-18 07:36:06,649 - INFO - Generado '02002A01400002.osm.gz': 24 nodos, 4 vías, 0 relaciones
2022-05-18 07:36:06,651 - INFO - Generado '02002A01400024.osm.gz': 6 nodos, 3 vías, 0 relaciones
2022-05-18 07:36:06,652 - INFO - Generado '02002A01500019.osm.gz': 12 nodos, 3 vías, 0 relaciones
2022-05-18 07:36:06,659 - INFO - Generado '02002A01600031.osm.gz': 82 nodos, 20 vías, 0 relaciones
2022-05-18 07:36:06,667 - INFO - Generado '02002A01600199.osm.gz': 82 nodos, 20 vías, 0 relaciones
2022-05-18 07:36:06,669 - INFO - Generado '02002A01600218.osm.gz': 4 nodos, 1 vías, 0 relaciones
2022-05-18 07:36:06,670 - INFO - Generado '02002A01600230.osm.gz': 4 nodos, 1 vías, 0 relaciones
2022-05-18 07:36:06,672 - INFO - Generado '02002A01700003.osm.gz': 8 nodos, 2 vías, 0 relaciones
2022-05-18 07:36:06,673 - INFO - Generado '02002A01700043.osm.gz': 16 nodos, 3 vías, 0 relaciones
2022-05-18 07:36:06,680 - INFO - Generado '02002A01800015.osm.gz': 83 nodos, 20 vías, 0 relaciones
2022-05-18 07:36:06,686 - INFO - Generado '02002A01800048.osm.gz': 61 nodos, 16 vías, 0 relaciones
2022-05-18 07:36:06,692 - INFO - Generado '02002A01900037.osm.gz': 61 nodos, 16 vías, 0 relaciones
2022-05-18 07:36:06,693 - INFO - Generado '02002A01900145.osm.gz': 8 nodos, 2 vías, 0 relaciones
2022-05-18 07:36:06,699 - INFO - Generado '02002A02000011.osm.gz': 80 nodos, 17 vías, 1 relaciones
2022-05-18 07:36:06,700 - INFO - Generado '02002A02000082.osm.gz': 18 nodos, 3 vías, 0 relaciones
2022-05-18 07:36:06,703 - INFO - Generado '02002A02000151.osm.gz': 30 nodos, 5 vías, 0 relaciones
2022-05-18 07:36:06,704 - INFO - Generado '02002A02100062.osm.gz': 4 nodos, 1 vías, 0 relaciones
2022-05-18 07:36:06,706 - INFO - Generado '02002A02100228.osm.gz': 39 nodos, 6 vías, 0 relaciones
2022-05-18 07:36:06,714 - INFO - Generado '02002A02300059.osm.gz': 101 nodos, 20 vías, 0 relaciones
2022-05-18 07:36:06,718 - INFO - Generado '02002A02300108.osm.gz': 28 nodos, 7 vías, 1 relaciones
2022-05-18 07:36:06,719 - INFO - Generado '02002A02300221.osm.gz': 10 nodos, 2 vías, 0 relaciones
2022-05-18 07:36:06,724 - INFO - Generado '1391201XJ4219S.osm.gz': 58 nodos, 6 vías, 0 relaciones
2022-05-18 07:36:06,732 - INFO - Generado '1391601XJ4219S.osm.gz': 18 nodos, 2 vías, 0 relaciones
2022-05-18 07:36:06,738 - INFO - Generado '1491201XJ2419S.osm.gz': 52 nodos, 10 vías, 1 relaciones
2022-05-18 07:36:06,740 - INFO - Generado '1491907XJ2419S.osm.gz': 20 nodos, 5 vías, 0 relaciones
2022-05-18 07:36:06,747 - INFO - Generado '1590402XJ4219S.osm.gz': 57 nodos, 20 vías, 0 relaciones
2022-05-18 07:36:06,749 - INFO - Generado '1590409XJ4219S.osm.gz': 5 nodos, 1 vías, 0 relaciones
2022-05-18 07:36:06,759 - INFO - Generado '1591002XJ4219S.osm.gz': 84 nodos, 28 vías, 0 relaciones
2022-05-18 07:36:06,761 - INFO - Generado '1591009XJ4219S.osm.gz': 5 nodos, 1 vías, 0 relaciones
2022-05-18 07:36:06,766 - INFO - Generado '1591603XJ4219S.osm.gz': 49 nodos, 12 vías, 0 relaciones
2022-05-18 07:36:06,767 - INFO - Generado '1591801XJ4219S.osm.gz': 5 nodos, 1 vías, 0 relaciones
2022-05-18 07:36:06,769 - INFO - Generado '1687002XJ4218N.osm.gz': 12 nodos, 2 vías, 0 relaciones
2022-05-18 07:36:06,779 - INFO - Generado '1687007XJ4218N.osm.gz': 90 nodos, 22 vías, 0 relaciones
2022-05-18 07:36:06,780 - INFO - Generado '1687301XJ4218N.osm.gz': 12 nodos, 2 vías, 0 relaciones
2022-05-18 07:36:06,802 - INFO - Generado '1690014XJ4219S.osm.gz': 188 nodos, 60 vías, 0 relaciones
2022-05-18 07:36:06,810 - INFO - Generado '1690302XJ4219S.osm.gz': 77 nodos, 20 vías, 0 relaciones
2022-05-18 07:36:06,812 - INFO - Generado '1690308XJ4219S.osm.gz': 9 nodos, 3 vías, 0 relaciones
2022-05-18 07:36:06,814 - INFO - Generado '1690802XJ4219S.osm.gz': 13 nodos, 3 vías, 0 relaciones
2022-05-18 07:36:06,821 - INFO - Generado '1691001XJ4219S.osm.gz': 62 nodos, 18 vías, 0 relaciones
2022-05-18 07:36:06,824 - INFO - Generado '1691203XJ4219S.osm.gz': 33 nodos, 8 vías, 0 relaciones
2022-05-18 07:36:06,829 - INFO - Generado '1691405XJ4219S.osm.gz': 34 nodos, 13 vías, 0 relaciones
2022-05-18 07:36:06,836 - INFO - Generado '1787002XJ4218N.osm.gz': 59 nodos, 19 vías, 0 relaciones
2022-05-18 07:36:06,849 - INFO - Generado '1788001XJ4218N.osm.gz': 104 nodos, 34 vías, 0 relaciones
2022-05-18 07:36:06,853 - INFO - Generado '1788004XJ4218N.osm.gz': 27 nodos, 8 vías, 0 relaciones
2022-05-18 07:36:06,857 - INFO - Generado '1788203XJ4218N.osm.gz': 39 nodos, 10 vías, 0 relaciones
2022-05-18 07:36:06,864 - INFO - Generado '1788801XJ4218N.osm.gz': 57 nodos, 15 vías, 0 relaciones
2022-05-18 07:36:06,869 - INFO - Generado '1788818XJ4218N.osm.gz': 51 nodos, 15 vías, 0 relaciones
2022-05-18 07:36:06,883 - INFO - Generado '1788837XJ4218N.osm.gz': 125 nodos, 35 vías, 0 relaciones
2022-05-18 07:36:06,916 - INFO - Generado '1788838XJ4218N.osm.gz': 64 nodos, 20 vías, 0 relaciones
2022-05-18 07:36:06,919 - INFO - Generado '1789003XJ4218N.osm.gz': 15 nodos, 5 vías, 0 relaciones
2022-05-18 07:36:06,927 - INFO - Generado '1789304XJ4218N.osm.gz': 71 nodos, 22 vías, 0 relaciones
2022-05-18 07:36:06,934 - INFO - Generado '1789801XJ4218N.osm.gz': 60 nodos, 16 vías, 0 relaciones
2022-05-18 07:36:06,940 - INFO - Generado '1789828XJ4218N.osm.gz': 56 nodos, 17 vías, 0 relaciones
2022-05-18 07:36:06,963 - INFO - Generado '1789839XJ4218N.osm.gz': 213 nodos, 62 vías, 0 relaciones
2022-05-18 07:36:06,969 - INFO - Generado '1790001XJ4219S.osm.gz': 49 nodos, 15 vías, 0 relaciones
2022-05-18 07:36:06,986 - INFO - Generado '1888011XJ4218N.osm.gz': 167 nodos, 45 vías, 1 relaciones
2022-05-18 07:36:06,994 - INFO - Generado '1888018XJ4218N.osm.gz': 55 nodos, 17 vías, 0 relaciones
2022-05-18 07:36:06,996 - INFO - Generado '1888020XJ4218N.osm.gz': 29 nodos, 4 vías, 0 relaciones
2022-05-18 07:36:07,011 - INFO - Generado '1888402XJ4218N.osm.gz': 131 nodos, 39 vías, 0 relaciones
2022-05-18 07:36:07,013 - INFO - Generado '1888417XJ4218N.osm.gz': 5 nodos, 1 vías, 0 relaciones
2022-05-18 07:36:07,056 - INFO - Generado '1889038XJ4218N.osm.gz': 365 nodos, 112 vías, 0 relaciones
2022-05-18 07:36:07,058 - INFO - Generado '1890701XJ4219S.osm.gz': 17 nodos, 2 vías, 0 relaciones
2022-05-18 07:36:07,067 - INFO - Generado '1890715XJ4219S.osm.gz': 80 nodos, 23 vías, 0 relaciones
2022-05-18 07:36:07,073 - INFO - Generado '1988402XJ4218N.osm.gz': 56 nodos, 15 vías, 0 relaciones
2022-05-18 07:36:07,075 - INFO - Generado '1988801XJ4218N.osm.gz': 7 nodos, 1 vías, 0 relaciones
2022-05-18 07:36:07,077 - INFO - Generado '1989501XJ4218N.osm.gz': 20 nodos, 7 vías, 0 relaciones
2022-05-18 07:36:07,088 - INFO - Generado '1989508XJ4218N.osm.gz': 79 nodos, 26 vías, 2 relaciones
2022-05-18 07:36:07,102 - INFO - Generado '1989514XJ4218N.osm.gz': 121 nodos, 40 vías, 1 relaciones
2022-05-18 07:36:07,152 - INFO - Generado '1990040XJ4219S.osm.gz': 414 nodos, 123 vías, 1 relaciones
2022-05-18 07:36:07,159 - INFO - Generado '1990046XJ4219S.osm.gz': 55 nodos, 19 vías, 0 relaciones
2022-05-18 07:36:07,162 - INFO - Generado '1990801XJ4219S.osm.gz': 15 nodos, 5 vías, 0 relaciones
2022-05-18 07:36:07,167 - INFO - Generado '1991003XJ4219S.osm.gz': 44 nodos, 12 vías, 0 relaciones
2022-05-18 07:36:07,170 - INFO - Generado '1991007XJ4219S.osm.gz': 19 nodos, 5 vías, 0 relaciones
2022-05-18 07:36:07,173 - INFO - Generado '1992801XJ4219S.osm.gz': 25 nodos, 7 vías, 0 relaciones
2022-05-18 07:36:07,175 - INFO - Generado '2087201XJ4228N.osm.gz': 5 nodos, 1 vías, 0 relaciones
2022-05-18 07:36:07,204 - INFO - Generado '2088014XJ4228N.osm.gz': 247 nodos, 72 vías, 0 relaciones
2022-05-18 07:36:07,208 - INFO - Generado '2088015XJ4228N.osm.gz': 34 nodos, 7 vías, 0 relaciones
2022-05-18 07:36:07,216 - INFO - Generado '2089008XJ4228N.osm.gz': 68 nodos, 16 vías, 0 relaciones
2022-05-18 07:36:07,243 - INFO - Generado '2089026XJ4228N.osm.gz': 220 nodos, 65 vías, 1 relaciones
2022-05-18 07:36:07,248 - INFO - Generado '2089037XJ4228N.osm.gz': 41 nodos, 13 vías, 0 relaciones
2022-05-18 07:36:07,270 - INFO - Generado '2089061XJ4228N.osm.gz': 197 nodos, 53 vías, 0 relaciones
2022-05-18 07:36:07,271 - INFO - Generado '2089069XJ4228N.osm.gz': 4 nodos, 1 vías, 0 relaciones
2022-05-18 07:36:07,277 - INFO - Generado '2089074XJ4228N.osm.gz': 58 nodos, 11 vías, 0 relaciones
2022-05-18 07:36:07,282 - INFO - Generado '2090402XJ4229S.osm.gz': 41 nodos, 11 vías, 0 relaciones
2022-05-18 07:36:07,289 - INFO - Generado '2090404XJ4229S.osm.gz': 55 nodos, 19 vías, 0 relaciones
2022-05-18 07:36:07,291 - INFO - Generado '2090410XJ4229S.osm.gz': 9 nodos, 2 vías, 0 relaciones
2022-05-18 07:36:07,293 - INFO - Generado '2186201XJ4228N.osm.gz': 10 nodos, 4 vías, 0 relaciones
2022-05-18 07:36:07,305 - INFO - Generado '2187402XJ4228N.osm.gz': 98 nodos, 29 vías, 0 relaciones
2022-05-18 07:36:07,307 - INFO - Generado '2187417XJ4228N.osm.gz': 21 nodos, 2 vías, 0 relaciones
2022-05-18 07:36:07,322 - INFO - Generado '2188002XJ4228N.osm.gz': 125 nodos, 38 vías, 0 relaciones
2022-05-18 07:36:07,329 - INFO - Generado '2188006XJ4228N.osm.gz': 67 nodos, 18 vías, 0 relaciones
2022-05-18 07:36:07,345 - INFO - Generado '2188309XJ4228N.osm.gz': 110 nodos, 34 vías, 1 relaciones
2022-05-18 07:36:07,352 - INFO - Generado '2188801XJ4228N.osm.gz': 48 nodos, 15 vías, 1 relaciones
2022-05-18 07:36:07,353 - INFO - Generado '2189601XJ4228N.osm.gz': 9 nodos, 1 vías, 0 relaciones
2022-05-18 07:36:07,358 - INFO - Generado '2190010XJ4229S.osm.gz': 53 nodos, 13 vías, 0 relaciones
2022-05-18 07:36:07,363 - INFO - Generado '2287002XJ4228N.osm.gz': 44 nodos, 10 vías, 0 relaciones
2022-05-18 07:36:07,378 - INFO - Generado '2287106XJ4228N.osm.gz': 142 nodos, 38 vías, 0 relaciones
2022-05-18 07:36:07,386 - INFO - Generado '2287201XJ4228N.osm.gz': 51 nodos, 20 vías, 0 relaciones
2022-05-18 07:36:07,391 - INFO - Generado '2287401XJ4228N.osm.gz': 45 nodos, 11 vías, 0 relaciones
2022-05-18 07:36:07,392 - INFO - Generado '2287402XJ4228N.osm.gz': 4 nodos, 1 vías, 0 relaciones
2022-05-18 07:36:07,396 - INFO - Generado '2387403XJ4228N.osm.gz': 37 nodos, 9 vías, 0 relaciones
2022-05-18 07:36:07,404 - INFO - Generado '2387804XJ4228N.osm.gz': 81 nodos, 21 vías, 0 relaciones
2022-05-18 07:36:07,409 - INFO - Generado '2391802XJ4229S.osm.gz': 45 nodos, 8 vías, 0 relaciones
2022-05-18 07:36:08,591 - INFO - Generado 'zoning.geojson'
2022-05-18 07:36:08,592 - WARNING - Revisa 4 etiquetas fixme
2022-05-18 07:36:08,592 - INFO - Generado 'review.txt'. Por favor, compruébelo
2022-05-18 07:36:08,601 - INFO - ¡Terminado!
