2022-05-22 12:33:12,126 - INFO - Municipio: 'Abengibre'
2022-05-22 12:33:12,127 - INFO - Reanuda el procesado de '02001'
2022-05-22 12:33:12,546 - INFO - Descargando 'current_address.osm'
2022-05-22 12:33:13,104 - WARNING - No se obtuvieron datos OSM de 'current_address.osm'
2022-05-22 12:33:13,475 - INFO - Generado '000700100XJ24B.osm.gz': 94 nodos, 15 vías, 0 relaciones
2022-05-22 12:33:13,482 - INFO - Generado '000700200XJ24B.osm.gz': 68 nodos, 20 vías, 0 relaciones
2022-05-22 12:33:13,487 - INFO - Generado '000700800XJ24B.osm.gz': 55 nodos, 16 vías, 0 relaciones
2022-05-22 12:33:13,493 - INFO - Generado '001200100XJ24B.osm.gz': 52 nodos, 15 vías, 0 relaciones
2022-05-22 12:33:13,501 - INFO - Generado '001700200XJ24B.osm.gz': 108 nodos, 17 vías, 0 relaciones
2022-05-22 12:33:13,504 - INFO - Generado '001700800XJ24B.osm.gz': 29 nodos, 6 vías, 0 relaciones
2022-05-22 12:33:13,505 - INFO - Generado '02001A00300027.osm.gz': 8 nodos, 2 vías, 0 relaciones
2022-05-22 12:33:13,508 - INFO - Generado '02001A00700052.osm.gz': 16 nodos, 4 vías, 0 relaciones
2022-05-22 12:33:13,509 - INFO - Generado '02001A00800033.osm.gz': 8 nodos, 2 vías, 0 relaciones
2022-05-22 12:33:13,511 - INFO - Generado '02001A01300333.osm.gz': 17 nodos, 1 vías, 0 relaciones
2022-05-22 12:33:13,513 - INFO - Generado '02001A01500156.osm.gz': 10 nodos, 4 vías, 0 relaciones
2022-05-22 12:33:13,514 - INFO - Generado '5712101XJ2451S.osm.gz': 12 nodos, 1 vías, 0 relaciones
2022-05-22 12:33:13,518 - INFO - Generado '5712220XJ2451S.osm.gz': 29 nodos, 9 vías, 0 relaciones
2022-05-22 12:33:13,542 - INFO - Generado '5712226XJ2451S.osm.gz': 221 nodos, 55 vías, 0 relaciones
2022-05-22 12:33:13,545 - INFO - Generado '5713401XJ2451S.osm.gz': 11 nodos, 4 vías, 0 relaciones
2022-05-22 12:33:13,547 - INFO - Generado '5713501XJ2451S.osm.gz': 11 nodos, 4 vías, 0 relaciones
2022-05-22 12:33:13,553 - INFO - Generado '5812005XJ2451S.osm.gz': 59 nodos, 16 vías, 0 relaciones
2022-05-22 12:33:13,579 - INFO - Generado '5812117XJ2451S.osm.gz': 228 nodos, 69 vías, 0 relaciones
2022-05-22 12:33:13,580 - INFO - Generado '5812501XJ2451S.osm.gz': 4 nodos, 1 vías, 0 relaciones
2022-05-22 12:33:13,584 - INFO - Generado '5812703XJ2451S.osm.gz': 23 nodos, 7 vías, 0 relaciones
2022-05-22 12:33:13,587 - INFO - Generado '5812802XJ2451S.osm.gz': 27 nodos, 6 vías, 0 relaciones
2022-05-22 12:33:13,605 - INFO - Generado '5813008XJ2451S.osm.gz': 156 nodos, 42 vías, 2 relaciones
2022-05-22 12:33:13,617 - INFO - Generado '5813103XJ2451S.osm.gz': 107 nodos, 27 vías, 0 relaciones
2022-05-22 12:33:13,628 - INFO - Generado '5813203XJ2451S.osm.gz': 91 nodos, 24 vías, 2 relaciones
2022-05-22 12:33:13,629 - INFO - Generado '5813301XJ2451S.osm.gz': 14 nodos, 1 vías, 0 relaciones
2022-05-22 12:33:13,632 - INFO - Generado '5813701XJ2451S.osm.gz': 21 nodos, 7 vías, 0 relaciones
2022-05-22 12:33:13,633 - INFO - Generado '5813801XJ2451S.osm.gz': 6 nodos, 1 vías, 0 relaciones
2022-05-22 12:33:13,635 - INFO - Generado '5814010XJ2451S.osm.gz': 13 nodos, 2 vías, 0 relaciones
2022-05-22 12:33:13,657 - INFO - Generado '5814023XJ2451S.osm.gz': 192 nodos, 52 vías, 0 relaciones
2022-05-22 12:33:13,662 - INFO - Generado '5814202XJ2451S.osm.gz': 60 nodos, 10 vías, 0 relaciones
2022-05-22 12:33:13,667 - INFO - Generado '5814802XJ2451S.osm.gz': 49 nodos, 10 vías, 0 relaciones
2022-05-22 12:33:13,670 - INFO - Generado '5815001XJ2451N.osm.gz': 34 nodos, 9 vías, 0 relaciones
2022-05-22 12:33:13,676 - INFO - Generado '5815006XJ2451N.osm.gz': 59 nodos, 15 vías, 1 relaciones
2022-05-22 12:33:13,680 - INFO - Generado '5816001XJ2451N.osm.gz': 39 nodos, 8 vías, 1 relaciones
2022-05-22 12:33:13,681 - INFO - Generado '5816101XJ2451N.osm.gz': 6 nodos, 1 vías, 0 relaciones
2022-05-22 12:33:13,689 - INFO - Generado '5910001XJ2451S.osm.gz': 111 nodos, 20 vías, 0 relaciones
2022-05-22 12:33:13,695 - INFO - Generado '5911302XJ2451S.osm.gz': 38 nodos, 13 vías, 0 relaciones
2022-05-22 12:33:13,697 - INFO - Generado '5911305XJ2451S.osm.gz': 7 nodos, 1 vías, 0 relaciones
2022-05-22 12:33:13,701 - INFO - Generado '5911801XJ2451S.osm.gz': 34 nodos, 10 vías, 0 relaciones
2022-05-22 12:33:13,708 - INFO - Generado '5912004XJ2451S.osm.gz': 56 nodos, 14 vías, 0 relaciones
2022-05-22 12:33:13,719 - INFO - Generado '5912517XJ2451S.osm.gz': 136 nodos, 25 vías, 0 relaciones
2022-05-22 12:33:13,726 - INFO - Generado '5912601XJ2451S.osm.gz': 70 nodos, 20 vías, 0 relaciones
2022-05-22 12:33:13,749 - INFO - Generado '5913024XJ2451S.osm.gz': 199 nodos, 58 vías, 0 relaciones
2022-05-22 12:33:13,756 - INFO - Generado '5913028XJ2451S.osm.gz': 72 nodos, 16 vías, 0 relaciones
2022-05-22 12:33:13,766 - INFO - Generado '5913105XJ2451S.osm.gz': 86 nodos, 24 vías, 0 relaciones
2022-05-22 12:33:13,773 - INFO - Generado '5914002XJ2451S.osm.gz': 66 nodos, 18 vías, 1 relaciones
2022-05-22 12:33:13,795 - INFO - Generado '5914018XJ2451S.osm.gz': 193 nodos, 56 vías, 2 relaciones
2022-05-22 12:33:13,804 - INFO - Generado '5914022XJ2451S.osm.gz': 58 nodos, 18 vías, 2 relaciones
2022-05-22 12:33:13,808 - INFO - Generado '5915001XJ2451N.osm.gz': 68 nodos, 10 vías, 1 relaciones
2022-05-22 12:33:13,812 - INFO - Generado '5915503XJ2451N.osm.gz': 62 nodos, 10 vías, 0 relaciones
2022-05-22 12:33:13,818 - INFO - Generado '6009002XJ2460N.osm.gz': 62 nodos, 11 vías, 0 relaciones
2022-05-22 12:33:13,821 - INFO - Generado '6009602XJ2460N.osm.gz': 30 nodos, 4 vías, 0 relaciones
2022-05-22 12:33:13,825 - INFO - Generado '6010008XJ2461S.osm.gz': 31 nodos, 9 vías, 0 relaciones
2022-05-22 12:33:13,833 - INFO - Generado '6010009XJ2461S.osm.gz': 72 nodos, 20 vías, 0 relaciones
2022-05-22 12:33:13,844 - INFO - Generado '6011002XJ2461S.osm.gz': 145 nodos, 25 vías, 2 relaciones
2022-05-22 12:33:13,855 - INFO - Generado '6011105XJ2461S.osm.gz': 90 nodos, 30 vías, 1 relaciones
2022-05-22 12:33:13,857 - INFO - Generado '6011401XJ2461S.osm.gz': 24 nodos, 3 vías, 0 relaciones
2022-05-22 12:33:13,860 - INFO - Generado '6011501XJ2461S.osm.gz': 24 nodos, 6 vías, 0 relaciones
2022-05-22 12:33:13,866 - INFO - Generado '6012008XJ2461S.osm.gz': 70 nodos, 12 vías, 0 relaciones
2022-05-22 12:33:13,872 - INFO - Generado '6012201XJ2461S.osm.gz': 42 nodos, 17 vías, 0 relaciones
2022-05-22 12:33:13,878 - INFO - Generado '6012205XJ2461S.osm.gz': 57 nodos, 14 vías, 0 relaciones
2022-05-22 12:33:13,882 - INFO - Generado '6012206XJ2461S.osm.gz': 31 nodos, 7 vías, 0 relaciones
2022-05-22 12:33:13,885 - INFO - Generado '6012501XJ2461S.osm.gz': 30 nodos, 6 vías, 0 relaciones
2022-05-22 12:33:13,887 - INFO - Generado '6012816XJ2461S.osm.gz': 28 nodos, 4 vías, 0 relaciones
2022-05-22 12:33:13,905 - INFO - Generado '6012831XJ2461S.osm.gz': 258 nodos, 38 vías, 2 relaciones
2022-05-22 12:33:13,937 - INFO - Generado '6013015XJ2461S.osm.gz': 281 nodos, 79 vías, 0 relaciones
2022-05-22 12:33:13,980 - INFO - Generado '6013816XJ2461S.osm.gz': 377 nodos, 99 vías, 3 relaciones
2022-05-22 12:33:13,983 - INFO - Generado '6016701XJ2461N.osm.gz': 25 nodos, 5 vías, 0 relaciones
2022-05-22 12:33:13,987 - INFO - Generado '6109002XJ2460N.osm.gz': 47 nodos, 6 vías, 0 relaciones
2022-05-22 12:33:13,989 - INFO - Generado '6109303XJ2460N.osm.gz': 15 nodos, 3 vías, 0 relaciones
2022-05-22 12:33:13,993 - INFO - Generado '6109802XJ2460N.osm.gz': 45 nodos, 9 vías, 0 relaciones
2022-05-22 12:33:14,003 - INFO - Generado '6110004XJ2461S.osm.gz': 93 nodos, 21 vías, 1 relaciones
2022-05-22 12:33:14,007 - INFO - Generado '6110201XJ2461S.osm.gz': 36 nodos, 8 vías, 0 relaciones
2022-05-22 12:33:14,010 - INFO - Generado '6110403XJ2461S.osm.gz': 37 nodos, 7 vías, 0 relaciones
2022-05-22 12:33:14,022 - INFO - Generado '6111001XJ2461S.osm.gz': 91 nodos, 30 vías, 2 relaciones
2022-05-22 12:33:14,024 - INFO - Generado '6111005XJ2461S.osm.gz': 4 nodos, 1 vías, 0 relaciones
2022-05-22 12:33:14,032 - INFO - Generado '6112001XJ2461S.osm.gz': 86 nodos, 20 vías, 0 relaciones
2022-05-22 12:33:14,034 - INFO - Generado '6112002XJ2461S.osm.gz': 11 nodos, 4 vías, 0 relaciones
2022-05-22 12:33:14,041 - INFO - Generado '6112404XJ2461S.osm.gz': 47 nodos, 19 vías, 0 relaciones
2022-05-22 12:33:14,049 - INFO - Generado '6114001XJ2461S.osm.gz': 108 nodos, 18 vías, 0 relaciones
2022-05-22 12:33:14,052 - INFO - Generado '6114502XJ2461S.osm.gz': 26 nodos, 6 vías, 0 relaciones
2022-05-22 12:33:14,055 - INFO - Generado '6115005XJ2461N.osm.gz': 26 nodos, 5 vías, 0 relaciones
2022-05-22 12:33:14,070 - INFO - Generado '6115011XJ2461N.osm.gz': 132 nodos, 40 vías, 0 relaciones
2022-05-22 12:33:14,072 - INFO - Generado '6210001XJ2461S.osm.gz': 17 nodos, 4 vías, 0 relaciones
2022-05-22 12:33:14,075 - INFO - Generado '6210101XJ2461S.osm.gz': 24 nodos, 3 vías, 0 relaciones
2022-05-22 12:33:14,080 - INFO - Generado '6211003XJ2461S.osm.gz': 45 nodos, 16 vías, 0 relaciones
2022-05-22 12:33:14,088 - INFO - Generado '6211702XJ2461S.osm.gz': 68 nodos, 18 vías, 1 relaciones
2022-05-22 12:33:14,095 - INFO - Generado '6212002XJ2461S.osm.gz': 62 nodos, 20 vías, 0 relaciones
2022-05-22 12:33:14,099 - INFO - Generado '6212013XJ2461S.osm.gz': 30 nodos, 10 vías, 0 relaciones
2022-05-22 12:33:14,102 - INFO - Generado '6212501XJ2461S.osm.gz': 38 nodos, 5 vías, 0 relaciones
2022-05-22 12:33:14,120 - INFO - Generado '6213017XJ2461S.osm.gz': 161 nodos, 46 vías, 0 relaciones
2022-05-22 12:33:14,125 - INFO - Generado '6213018XJ2461S.osm.gz': 68 nodos, 11 vías, 0 relaciones
2022-05-22 12:33:14,133 - INFO - Generado '6214001XJ2461S.osm.gz': 68 nodos, 17 vías, 0 relaciones
2022-05-22 12:33:14,139 - INFO - Generado '6214013XJ2461S.osm.gz': 56 nodos, 19 vías, 0 relaciones
2022-05-22 12:33:14,165 - INFO - Generado '6215017XJ2461N.osm.gz': 203 nodos, 66 vías, 0 relaciones
2022-05-22 12:33:14,170 - INFO - Generado '6215019XJ2461N.osm.gz': 32 nodos, 8 vías, 0 relaciones
2022-05-22 12:33:14,172 - INFO - Generado '6215401XJ2461N.osm.gz': 22 nodos, 5 vías, 0 relaciones
2022-05-22 12:33:14,180 - INFO - Generado '6313002XJ2461S.osm.gz': 69 nodos, 20 vías, 1 relaciones
2022-05-22 12:33:14,185 - INFO - Generado '6313010XJ2461S.osm.gz': 53 nodos, 14 vías, 0 relaciones
2022-05-22 12:33:15,200 - INFO - Generado 'zoning.geojson'
2022-05-22 12:33:15,201 - WARNING - Revisa 6 etiquetas fixme
2022-05-22 12:33:15,201 - INFO - Generado 'review.txt'. Por favor, compruébelo
2022-05-22 12:33:15,203 - INFO - ¡Terminado!
